2023/01/23 19:21:17 ACCESS|/proto.UsersService/Login|username:"admin"  password:"admin"
2023/01/23 19:29:13 ACCESS|/proto.UsersService/Login|username:"admin"  password:"admin"
2023/01/23 19:29:34 ACCESS|/proto.UsersService/Login|username:"admin"  password:"admin"
2023/01/23 19:29:45 ACCESS|/proto.UsersService/Login|username:"admin"  password:"admin"
2023/01/23 19:31:04 ACCESS|/proto.UsersService/Login|username:"admin"  password:"admin"
2023/01/23 19:31:36 ACCESS|/proto.UsersService/Login|username:"admin"  password:"admin"
2023/01/23 19:31:50 ACCESS|/proto.UsersService/Login|username:"admin"  password:"admin"
2023/01/23 19:32:48 ACCESS|/proto.UsersService/Login|username:"admin"  password:"admin"
2023/01/23 19:32:55 ACCESS|/proto.UsersService/Login|username:"admin"  password:"admin"
2023/01/23 19:51:32 ACCESS|/proto.UsersService/Login|username:"admin"  password:"admin"
2023/01/23 19:51:36 ACCESS|/proto.UsersService/Login|username:"admin"  password:"admin"
2023/01/23 19:52:31 ACCESS|/proto.UsersService/Login|username:"admin"  password:"admin"
2023/01/23 19:52:41 ACCESS|/proto.UsersService/Login|username:"admin"  password:"admin"
2023/01/23 19:52:58 ACCESS|/proto.UsersService/Login|username:"admin"  password:"admin"
2023/01/23 19:53:17 ACCESS|/proto.UsersService/Login|username:"admin"  password:"admin"
2023/01/23 19:53:29 ACCESS|/proto.UsersService/Login|username:"admin"  password:"admin"
2023/01/23 19:53:58 ACCESS|/proto.UsersService/Login|username:"admin"  password:"admin"
2023/01/23 19:54:00 ACCESS|/proto.UsersService/Login|username:"admin"  password:"admin"
2023/01/23 19:54:12 ACCESS|/proto.UsersService/Login|username:"admin"  password:"admin"
2023/01/23 19:54:19 ACCESS|/proto.UsersService/Login|username:"admin"  password:"admin"
2023/01/23 19:54:19 ACCESS|/proto.UsersService/Login|username:"admin"  password:"admin"
2023/01/23 19:57:28 ACCESS|/proto.UsersService/Login|username:"admin"  password:"admin"
2023/01/23 19:57:29 ACCESS|/proto.UsersService/Login|username:"admin"  password:"admin"
2023/01/23 19:57:49 ACCESS|/proto.UsersService/Login|username:"admin"  password:"admin"
2023/01/23 19:57:56 ACCESS|/proto.UsersService/Login|username:"admin"  password:"admin"
2023/01/23 19:57:57 ACCESS|/proto.UsersService/Login|username:"admin"  password:"admin"
2023/01/23 19:58:03 ACCESS|/proto.UsersService/Login|username:"admin"  password:"admin"
2023/01/23 19:58:18 ACCESS|/proto.UsersService/Login|username:"admin"  password:"admin"
2023/01/23 19:59:04 ACCESS|/proto.UsersService/Login|username:"admin"  password:"admin"
2023/01/23 20:03:20 ACCESS|/proto.UsersService/Login|username:"admin"  password:"admin"
2023/01/23 20:09:22 ACCESS|/proto.UsersService/Login|username:"admin"  password:"admin"
2023/01/23 20:09:24 ACCESS|/proto.UsersService/Login|username:"admin"  password:"admin"
2023/01/23 20:09:25 ACCESS|/proto.UsersService/Login|username:"admin"  password:"admin"
2023/01/23 20:09:46 ACCESS|/proto.UsersService/Login|username:"admin"  password:"admin"
2023/01/23 20:10:28 ACCESS|/proto.UsersService/Login|username:"admin"  password:"admin"
2023/01/23 20:10:29 ACCESS|/proto.UsersService/Login|username:"admin"  password:"admin"
2023/01/23 20:10:50 ACCESS|/proto.UsersService/Login|username:"admin"  password:"admin"
2023/01/23 20:12:05 ACCESS|/proto.UsersService/Login|username:"admin"  password:"admin"
2023/01/23 20:12:21 ACCESS|/proto.UsersService/Login|username:"admin"  password:"admin"
2023/01/23 20:13:01 ACCESS|/proto.UsersService/Login|username:"admin"  password:"admin"
2023/01/23 20:13:01 ACCESS|/proto.UsersService/Login|username:"admin"  password:"admin"
2023/01/23 20:15:36 ACCESS|/proto.UsersService/Login|username:"admin"  password:"admin"
2023/01/23 20:15:39 ACCESS|/proto.UsersService/Login|username:"admin"  password:"admin"
2023/01/23 20:27:41 ACCESS|/proto.UsersService/Login|username:"admin"  password:"admin"
2023/01/23 20:27:45 ACCESS|/proto.UsersService/Login|username:"admi"  password:"admin"
2023/01/23 20:27:45 crypto/bcrypt: hashedSecret too short to be a bcrypted password
2023/01/23 20:30:39 ACCESS|/proto.UsersService/Login|username:"admi"  password:"admin"
2023/01/23 20:30:39 crypto/bcrypt: hashedSecret too short to be a bcrypted password
2023/01/23 20:32:05 ACCESS|/proto.UsersService/Login|username:"admin"  password:"admind"
2023/01/23 20:32:05 crypto/bcrypt: hashedPassword is not the hash of the given password
2023/01/23 20:32:07 ACCESS|/proto.UsersService/Login|username:"admin"  password:"admind"
2023/01/23 20:32:07 crypto/bcrypt: hashedPassword is not the hash of the given password
2023/01/23 20:32:08 ACCESS|/proto.UsersService/Login|username:"admin"  password:"admind"
2023/01/23 20:32:08 crypto/bcrypt: hashedPassword is not the hash of the given password
2023/01/23 20:32:09 ACCESS|/proto.UsersService/Login|username:"admin"  password:"admind"
2023/01/23 20:32:09 crypto/bcrypt: hashedPassword is not the hash of the given password
2023/01/23 20:32:09 ACCESS|/proto.UsersService/Login|username:"admin"  password:"admind"
2023/01/23 20:32:09 crypto/bcrypt: hashedPassword is not the hash of the given password
2023/01/23 20:32:30 ACCESS|/proto.UsersService/Login|username:"admin"  password:"admind"
2023/01/23 20:32:30 crypto/bcrypt: hashedPassword is not the hash of the given password
2023/01/23 20:33:13 ACCESS|/proto.UsersService/Login|username:"ad"  password:"ad"
2023/01/23 20:33:13 crypto/bcrypt: hashedSecret too short to be a bcrypted password
2023/01/23 20:33:18 ACCESS|/proto.UsersService/Login|username:"ad"  password:"ad"
2023/01/23 20:33:18 crypto/bcrypt: hashedSecret too short to be a bcrypted password
2023/01/23 20:33:34 ACCESS|/proto.UsersService/Login|username:"admin"  password:"admin"
2023/01/23 20:34:31 ACCESS|/proto.UsersService/Login|username:"admin"  password:"admin"
2023/01/23 20:34:33 ACCESS|/proto.UsersService/Login|username:"admin"  password:"admin"
2023/01/23 20:37:13 ACCESS|/proto.UsersService/Login|username:"admin"  password:"admin"
2023/01/23 20:37:33 ACCESS|/proto.UsersService/Login|username:"admin"  password:"admin"
2023/01/23 20:38:12 ACCESS|/proto.UsersService/Login|username:"admin"  password:"admin"
2023/01/23 20:40:20 ACCESS|/proto.UsersService/Login|username:"admin"  password:"admin"
2023/01/23 20:41:05 ACCESS|/proto.UsersService/Login|username:"admin"  password:"admin"
2023/01/23 20:42:38 ACCESS|/proto.UsersService/Login|username:"admin"  password:"admin"
2023/01/23 20:42:41 ACCESS|/proto.UsersService/Login|username:"admin"  password:"admin"
2023/01/23 20:42:41 ACCESS|/proto.UsersService/Login|username:"admin"  password:"admin"
2023/01/23 20:42:42 ACCESS|/proto.UsersService/Login|username:"admin"  password:"admin"
2023/01/23 20:42:42 ACCESS|/proto.UsersService/Login|username:"admin"  password:"admin"
2023/01/23 20:42:42 ACCESS|/proto.UsersService/Login|username:"admin"  password:"admin"
2023/01/23 20:45:02 ACCESS|/proto.UsersService/Login|username:"admin"  password:"admin"
2023/01/23 20:46:03 ACCESS|/proto.UsersService/Login|username:"admin"  password:"admin"
2023/01/23 20:46:59 ACCESS|/proto.UsersService/Login|username:"admin"  password:"admin"
2023/01/23 20:47:22 ACCESS|/proto.UsersService/Login|username:"admin"  password:"admin"
2023/01/23 20:49:08 ACCESS|/proto.UsersService/Login|username:"admin"  password:"admin"
2023/01/23 20:50:05 ACCESS|/proto.UsersService/Login|username:"admin"  password:"admin"
2023/01/23 20:50:29 ACCESS|/proto.UsersService/Login|username:"admin"  password:"admin"
2023/01/23 20:53:10 ACCESS|/proto.UsersService/Login|username:"admin"  password:"admin"
2023/01/23 20:54:10 ACCESS|/proto.UsersService/Login|username:"admin"  password:"admin"
2023/01/23 20:54:23 ACCESS|/proto.UsersService/Login|username:"admin"  password:"admin"
2023/01/23 20:54:27 ACCESS|/proto.UsersService/Login|username:"admin"  password:"admin"
2023/01/23 20:54:29 ACCESS|/proto.UsersService/Login|username:"admin"  password:"admin"
2023/01/23 20:54:30 ACCESS|/proto.UsersService/Login|username:"admin"  password:"admin"
2023/01/23 20:54:30 ACCESS|/proto.UsersService/Login|username:"admin"  password:"admin"
2023/01/24 04:58:12 ACCESS|/proto.UsersService/Login|username:"admin"  password:"admin"
2023/01/24 05:05:16 ACCESS|/proto.UsersService/Login|username:"admin"  password:"admin"
2023/01/24 05:06:53 ACCESS|/proto.UsersService/Login|username:"admin"  password:"admin"
2023/01/24 05:07:08 ACCESS|/proto.UsersService/Login|username:"admin"  password:"admin"
2023/01/24 05:07:30 ACCESS|/proto.UsersService/Login|username:"admin"  password:"admin"
2023/01/24 05:07:32 ACCESS|/proto.UsersService/Login|username:"admin"  password:"admin"
2023/01/24 05:07:36 ACCESS|/proto.UsersService/Login|username:"admin"  password:"admin"
2023/01/24 05:07:44 ACCESS|/proto.UsersService/Login|username:"admin"  password:"admin"
2023/01/24 05:08:37 ACCESS|/proto.UsersService/Login|username:"admin"  password:"admin"
2023/01/24 05:10:32 ACCESS|/proto.UsersService/Login|username:"admin"  password:"admin"
2023/01/24 05:11:19 ACCESS|/proto.UsersService/Login|username:"admin"  password:"admin"
2023/01/24 05:11:54 ACCESS|/proto.UsersService/Login|username:"admin"  password:"admin"
2023/01/24 05:40:25 ACCESS|/proto.CustomersService/Get|
2023/01/24 05:41:14 ACCESS|/proto.CustomersService/Get|page:20  per_page:20  search:"Hello"
2023/01/24 05:41:43 ACCESS|/proto.CustomersService/Get|
2023/01/24 05:41:55 ACCESS|/proto.CustomersService/Get|page:20  per_page:20  search:"Hello"
2023/01/24 05:41:55 ACCESS|/proto.CustomersService/Get|page:20  per_page:20  search:"Hello"
2023/01/24 05:41:55 ACCESS|/proto.CustomersService/Get|page:20  per_page:20  search:"Hello"
2023/01/24 05:41:55 ACCESS|/proto.CustomersService/Get|page:20  per_page:20  search:"Hello"
2023/01/24 05:41:55 ACCESS|/proto.CustomersService/Get|page:20  per_page:20  search:"Hello"
2023/01/24 05:42:04 ACCESS|/proto.CustomersService/Get|
2023/01/24 05:43:01 ACCESS|/proto.UsersService/Login|username:"admin"  password:"admin"
2023/01/24 05:43:43 ACCESS|/proto.UsersService/Get|page:20  per_page:20  search:"Hello"
2023/01/24 05:43:44 ACCESS|/proto.UsersService/Get|page:20  per_page:20  search:"Hello"
2023/01/24 05:43:44 ACCESS|/proto.UsersService/Get|page:20  per_page:20  search:"Hello"
2023/01/24 05:43:45 ACCESS|/proto.UsersService/Get|page:20  per_page:20  search:"Hello"
2023/01/24 05:43:45 ACCESS|/proto.UsersService/Get|page:20  per_page:20  search:"Hello"
2023/01/24 05:43:58 ACCESS|/proto.UsersService/Get|page:20  per_page:20  search:"Hello"
2023/01/24 05:46:51 ACCESS|/proto.CustomersService/Get|
2023/01/24 05:47:12 ACCESS|/proto.UsersService/Get|page:20  per_page:20  search:"Hello"
2023/01/24 05:47:22 ACCESS|/proto.UsersService/Login|username:"admin"  password:"admin"
2023/01/24 05:48:07 ACCESS|/proto.CustomersService/Get|
2023/01/24 05:49:25 ACCESS|/proto.CustomersService/Get|
2023/01/24 05:49:52 ACCESS|/proto.CustomersService/Get|
2023/01/24 05:50:15 ACCESS|/proto.CustomersService/Get|
2023/01/24 05:51:00 ACCESS|/proto.CustomersService/Get|
2023/01/24 05:51:29 ACCESS|/proto.CustomersService/Get|
2023/01/24 09:18:57 ACCESS|/proto.CustomersService/Get|
2023/01/24 09:27:47 ACCESS|/proto.CustomersService/Get|
2023/01/24 09:42:26 ACCESS|/proto.CustomersService/Get|
2023/01/24 09:43:24 ACCESS|/proto.CustomersService/Get|
2023/01/24 09:45:38 ACCESS|/proto.CustomersService/Get|
2023/01/24 09:51:16 ACCESS|/proto.CustomersService/Get|
2023/01/24 09:51:17 ACCESS|/proto.CustomersService/Get|
2023/01/24 09:52:12 ACCESS|/proto.CustomersService/Get|
2023/01/24 09:52:24 ACCESS|/proto.CustomersService/Get|
2023/01/24 09:53:24 ACCESS|/proto.CustomersService/Get|
2023/01/24 09:54:01 ACCESS|/proto.CustomersService/Get|
2023/01/24 09:54:04 ACCESS|/proto.CustomersService/Get|
2023/01/24 09:55:12 ACCESS|/proto.CustomersService/Get|
2023/01/24 09:56:54 ACCESS|/proto.CustomersService/Get|
2023/01/24 09:57:26 ACCESS|/proto.CustomersService/Get|
2023/01/24 09:59:22 ACCESS|/proto.CustomersService/Get|
2023/01/24 09:59:36 ACCESS|/proto.CustomersService/Get|
2023/01/24 10:06:02 ACCESS|/proto.CustomersService/Get|
2023/01/24 10:06:23 ACCESS|/proto.CustomersService/Get|page:20 per_page:20 search:"Hello"
2023/01/24 10:06:23 ACCESS|/proto.CustomersService/Get|page:20 per_page:20 search:"Hello"
2023/01/24 10:06:23 ACCESS|/proto.CustomersService/Get|page:20 per_page:20 search:"Hello"
2023/01/24 10:06:23 ACCESS|/proto.CustomersService/Get|page:20 per_page:20 search:"Hello"
2023/01/24 10:06:24 ACCESS|/proto.CustomersService/Get|page:20 per_page:20 search:"Hello"
2023/01/24 10:06:34 ACCESS|/proto.CustomersService/Get|page:20 per_page:20 search:"Hello"
2023/01/24 10:06:35 ACCESS|/proto.CustomersService/Get|page:20 per_page:20 search:"Hello"
2023/01/24 10:06:35 ACCESS|/proto.CustomersService/Get|page:20 per_page:20 search:"Hello"
2023/01/24 10:06:49 ACCESS|/proto.CustomersService/Get|page:20 per_page:20 search:"Hello"
2023/01/24 10:08:58 ACCESS|/proto.CustomersService/Get|
2023/01/24 10:09:28 ACCESS|/proto.CustomersService/Get|
2023/01/24 10:09:41 ACCESS|/proto.CustomersService/Get|
2023/01/24 10:11:57 ACCESS|/proto.CustomersService/Get|
2023/01/24 10:12:13 ACCESS|/proto.CustomersService/Get|
2023/01/24 10:12:17 ACCESS|/proto.CustomersService/Get|
2023/01/24 10:12:58 ACCESS|/proto.CustomersService/Get|
2023/01/24 10:13:20 ACCESS|/proto.CustomersService/Get|page:20 per_page:20 search:"Hello"
2023/01/24 10:13:33 ACCESS|/proto.CustomersService/Get|
2023/01/24 10:13:40 ACCESS|/proto.CustomersService/Get|page:1 per_page:10 search:"Hello"
2023/01/24 10:13:55 ACCESS|/proto.CustomersService/Get|page:2 per_page:10 search:"Hello"
2023/01/24 10:14:01 ACCESS|/proto.CustomersService/Get|page:1 per_page:10 search:"Hello"
2023/01/24 10:14:08 ACCESS|/proto.CustomersService/Get|page:20 per_page:10 search:"Hello"
2023/01/24 10:14:14 ACCESS|/proto.CustomersService/Get|page:1 per_page:10 search:"Hello"
2023/01/24 10:14:20 ACCESS|/proto.CustomersService/Get|page:2 per_page:10 search:"Hello"
2023/01/24 10:15:00 ACCESS|/proto.CustomersService/Get|
2023/01/24 10:15:09 ACCESS|/proto.CustomersService/Get|
2023/01/24 10:15:25 ACCESS|/proto.CustomersService/Get|
2023/01/24 10:15:36 ACCESS|/proto.CustomersService/Get|
2023/01/24 10:15:51 ACCESS|/proto.CustomersService/Get|
2023/01/24 10:15:53 ACCESS|/proto.CustomersService/Get|
2023/01/24 10:16:05 ACCESS|/proto.CustomersService/Get|
2023/01/24 10:16:12 ACCESS|/proto.CustomersService/Get|
2023/01/24 10:16:16 ACCESS|/proto.CustomersService/Get|
2023/01/24 10:16:42 ACCESS|/proto.CustomersService/Get|page:2 per_page:10 search:"Hello"
2023/01/24 10:18:22 ACCESS|/proto.CustomersService/Get|
2023/01/24 10:18:38 ACCESS|/proto.CustomersService/Get|
2023/01/24 10:19:02 ACCESS|/proto.CustomersService/Get|
2023/01/24 10:19:41 ACCESS|/proto.CustomersService/Get|
2023/01/24 10:19:45 ACCESS|/proto.CustomersService/Get|
2023/01/24 10:22:38 ACCESS|/proto.CustomersService/Get|
2023/01/24 10:25:44 ACCESS|/proto.CustomersService/Get|
2023/01/24 10:25:56 ACCESS|/proto.CustomersService/Get|
2023/01/24 10:29:19 ACCESS|/proto.CustomersService/Get|
2023/01/24 10:32:35 ACCESS|/proto.CustomersService/Get|
2023/01/24 10:33:15 ACCESS|/proto.CustomersService/Get|
2023/01/24 10:33:38 ACCESS|/proto.CustomersService/Get|
2023/01/24 10:34:51 ACCESS|/proto.CustomersService/Get|
2023/01/24 10:35:02 ACCESS|/proto.CustomersService/Get|
2023/01/24 10:35:15 ACCESS|/proto.CustomersService/Get|
2023/01/24 10:35:30 ACCESS|/proto.UsersService/Login|username:"admin" password:"admin"
2023/01/24 10:35:53 ACCESS|/proto.UsersService/Login|username:"admin" password:"admin"
2023/01/24 10:36:00 ACCESS|/proto.UsersService/Login|username:"admin" password:"admin"
2023/01/24 10:36:00 ACCESS|/proto.UsersService/Login|username:"admin" password:"admin"
2023/01/24 10:36:29 ACCESS|/proto.UsersService/Login|username:"admin" password:"admin"
2023/01/24 10:36:43 ACCESS|/proto.UsersService/Login|username:"admin" password:"admin"
2023/01/24 10:38:03 ACCESS|/proto.UsersService/Login|username:"admin" password:"admin"
2023/01/24 10:38:03 ACCESS|/proto.CustomersService/Get|
2023/01/24 10:38:19 ACCESS|/proto.CustomersService/Get|
2023/01/24 10:38:27 ACCESS|/proto.UsersService/Login|username:"admin" password:"admin"
2023/01/24 10:38:27 ACCESS|/proto.CustomersService/Get|
2023/01/24 10:39:27 ACCESS|/proto.CustomersService/Get|
2023/01/24 10:39:32 ACCESS|/proto.UsersService/Login|username:"admin" password:"admin"
2023/01/24 10:39:33 ACCESS|/proto.CustomersService/Get|
2023/01/24 10:40:25 ACCESS|/proto.CustomersService/Get|
2023/01/24 10:40:30 ACCESS|/proto.UsersService/Login|username:"admin" password:"admin"
2023/01/24 10:41:42 ACCESS|/proto.UsersService/Login|username:"admin" password:"admin"
2023/01/24 10:42:38 ACCESS|/proto.UsersService/Login|username:"admin" password:"admin"
2023/01/24 10:44:07 ACCESS|/proto.UsersService/Login|username:"admin" password:"admin"
2023/01/24 10:44:09 ACCESS|/proto.UsersService/Login|username:"admin" password:"admin"
2023/01/24 10:44:10 ACCESS|/proto.UsersService/Login|username:"admin" password:"admin"
2023/01/24 10:45:19 ACCESS|/proto.UsersService/Login|username:"admin" password:"admin"
2023/01/24 10:46:06 ACCESS|/proto.UsersService/Login|username:"admin" password:"admin"
2023/01/24 10:46:19 ACCESS|/proto.UsersService/Login|username:"admin" password:"admin"
2023/01/24 10:46:47 ACCESS|/proto.UsersService/Login|username:"admin" password:"admin"
2023/01/24 10:47:21 ACCESS|/proto.UsersService/Login|username:"admin" password:"admin"
2023/01/24 10:47:36 ACCESS|/proto.UsersService/Login|username:"admin" password:"admin"
2023/01/24 10:48:50 ACCESS|/proto.UsersService/Login|username:"admin" password:"admin"
2023/01/24 10:49:10 ACCESS|/proto.UsersService/Login|username:"admin" password:"admin"
2023/01/24 10:49:48 ACCESS|/proto.UsersService/Login|username:"admin" password:"admin"
2023/01/24 10:49:48 ACCESS|/proto.CustomersService/Get|
2023/01/24 10:50:07 ACCESS|/proto.CustomersService/Get|
2023/01/24 10:51:09 ACCESS|/proto.CustomersService/Get|
2023/01/24 10:52:14 ACCESS|/proto.CustomersService/Get|
2023/01/24 10:52:27 ACCESS|/proto.UsersService/Login|username:"admin" password:"admin"
2023/01/24 10:52:27 ACCESS|/proto.CustomersService/Get|
2023/01/24 10:52:41 ACCESS|/proto.CustomersService/Get|
2023/01/24 10:53:41 ACCESS|/proto.CustomersService/Get|
2023/01/24 10:54:55 ACCESS|/proto.CustomersService/Get|
2023/01/24 10:54:56 ACCESS|/proto.CustomersService/Get|
2023/01/24 10:55:01 ACCESS|/proto.UsersService/Login|username:"admin" password:"admin"
2023/01/24 10:55:01 ACCESS|/proto.CustomersService/Get|
2023/01/24 10:55:28 ACCESS|/proto.CustomersService/Get|page:1
2023/01/24 10:55:43 ACCESS|/proto.CustomersService/Get|page:2
2023/01/24 10:55:58 ACCESS|/proto.CustomersService/Get|page:1
2023/01/24 10:56:20 ACCESS|/proto.CustomersService/Get|page:1
2023/01/24 10:56:24 ACCESS|/proto.UsersService/Login|username:"admin" password:"admin"
2023/01/24 10:56:24 ACCESS|/proto.CustomersService/Get|page:1
2023/01/24 10:57:12 ACCESS|/proto.CustomersService/Get|page:1
2023/01/24 10:57:58 ACCESS|/proto.CustomersService/Get|page:1
2023/01/24 10:58:01 ACCESS|/proto.CustomersService/Get|page:1
2023/01/24 10:58:21 ACCESS|/proto.CustomersService/Get|page:1
2023/01/24 10:59:22 ACCESS|/proto.CustomersService/Get|page:1
2023/01/24 11:00:33 ACCESS|/proto.UsersService/Login|username:"admin" password:"admin"
2023/01/24 11:00:33 ACCESS|/proto.CustomersService/Get|page:1
2023/01/24 11:01:02 ACCESS|/proto.CustomersService/Get|page:1
2023/01/24 11:01:43 ACCESS|/proto.CustomersService/Get|page:1
2023/01/24 11:01:50 ACCESS|/proto.UsersService/Login|username:"admin" password:"admin"
2023/01/24 11:01:50 ACCESS|/proto.CustomersService/Get|page:1
2023/01/24 11:02:12 ACCESS|/proto.CustomersService/Get|page:1
2023/01/24 11:02:15 ACCESS|/proto.CustomersService/Get|page:1
2023/01/24 11:02:19 ACCESS|/proto.UsersService/Login|username:"admin" password:"admin"
2023/01/24 11:02:20 ACCESS|/proto.CustomersService/Get|page:1
2023/01/24 11:02:58 ACCESS|/proto.CustomersService/Get|page:1
2023/01/24 11:03:01 ACCESS|/proto.CustomersService/Get|page:1
2023/01/24 11:03:08 ACCESS|/proto.UsersService/Login|username:"admin" password:"admin"
2023/01/24 11:03:08 ACCESS|/proto.CustomersService/Get|page:1
2023/01/24 11:07:45 ACCESS|/proto.CustomersService/Get|page:1
2023/01/24 11:07:47 ACCESS|/proto.CustomersService/Get|page:1
2023/01/24 11:10:32 ACCESS|/proto.UsersService/Login|username:"admin" password:"admin"
2023/01/24 11:10:32 ACCESS|/proto.CustomersService/Get|
2023/01/24 11:11:07 ACCESS|/proto.CustomersService/Get|
2023/01/24 11:12:37 ACCESS|/proto.CustomersService/Get|
2023/01/24 11:12:41 ACCESS|/proto.UsersService/Login|username:"admin" password:"admin"
2023/01/24 11:12:41 ACCESS|/proto.CustomersService/Get|
